This is pdfTeX, Version 3.141592653-2.6-1.40.27 (MiKTeX 25.4) (preloaded format=pdflatex 2025.8.4)  12 SEP 2025 20:25
entering extended mode
 restricted \write18 enabled.
 %&-line parsing enabled.
**./20250912_2013_week01_slides.tex
(20250912_2013_week01_slides.tex
LaTeX2e <2025-06-01> patch level 1
L3 programming layer <2025-07-19>

(C:\Users\OsterriederJRO\AppData\Local\Programs\MiKTeX\tex/latex/beamer\beamer.
cls
Document Class: beamer 2025/06/15 v3.74 A class for typesetting presentations

(C:\Users\OsterriederJRO\AppData\Local\Programs\MiKTeX\tex/latex/beamer\beamerb
asemodes.sty
(C:\Users\OsterriederJRO\AppData\Local\Programs\MiKTeX\tex/latex/etoolbox\etool
box.sty
Package: etoolbox 2025/02/11 v2.5l e-TeX tools for LaTeX (JAW)
\etb@tempcnta=\count275
)
\beamer@tempbox=\box53
\beamer@tempcount=\count276
\c@beamerpauses=\count277

(C:\Users\OsterriederJRO\AppData\Local\Programs\MiKTeX\tex/latex/beamer\beamerb
asedecode.sty
\beamer@slideinframe=\count278
\beamer@minimum=\count279
\beamer@decode@box=\box54
)
\beamer@commentbox=\box55
\beamer@modecount=\count280
)
(C:\Users\OsterriederJRO\AppData\Local\Programs\MiKTeX\tex/generic/iftex\iftex.
sty
Package: iftex 2024/12/12 v1.0g TeX engine tests
)
\headdp=\dimen148
\footheight=\dimen149
\sidebarheight=\dimen150
\beamer@tempdim=\dimen151
\beamer@finalheight=\dimen152
\beamer@animht=\dimen153
\beamer@animdp=\dimen154
\beamer@animwd=\dimen155
\beamer@leftmargin=\dimen156
\beamer@rightmargin=\dimen157
\beamer@leftsidebar=\dimen158
\beamer@rightsidebar=\dimen159
\beamer@boxsize=\dimen160
\beamer@vboxoffset=\dimen161
\beamer@descdefault=\dimen162
\beamer@descriptionwidth=\dimen163
\beamer@lastskip=\skip49
\beamer@areabox=\box56
\beamer@animcurrent=\box57
\beamer@animshowbox=\box58
\beamer@sectionbox=\box59
\beamer@logobox=\box60
\beamer@linebox=\box61
\beamer@sectioncount=\count281
\beamer@subsubsectionmax=\count282
\beamer@subsectionmax=\count283
\beamer@sectionmax=\count284
\beamer@totalheads=\count285
\beamer@headcounter=\count286
\beamer@partstartpage=\count287
\beamer@sectionstartpage=\count288
\beamer@subsectionstartpage=\count289
\beamer@animationtempa=\count290
\beamer@animationtempb=\count291
\beamer@xpos=\count292
\beamer@ypos=\count293
\beamer@ypos@offset=\count294
\beamer@showpartnumber=\count295
\beamer@currentsubsection=\count296
\beamer@coveringdepth=\count297
\beamer@sectionadjust=\count298
\beamer@toclastsection=\count299
\beamer@tocsectionnumber=\count300

(C:\Users\OsterriederJRO\AppData\Local\Programs\MiKTeX\tex/latex/beamer\beamerb
aseoptions.sty
(C:\Users\OsterriederJRO\AppData\Local\Programs\MiKTeX\tex/latex/graphics\keyva
l.sty
Package: keyval 2022/05/29 v1.15 key=value parser (DPC)
\KV@toks@=\toks17
))
\beamer@paperwidth=\skip50
\beamer@paperheight=\skip51

(C:\Users\OsterriederJRO\AppData\Local\Programs\MiKTeX\tex/latex/geometry\geome
try.sty
Package: geometry 2020/01/02 v5.9 Page Geometry

(C:\Users\OsterriederJRO\AppData\Local\Programs\MiKTeX\tex/generic/iftex\ifvtex
.sty
Package: ifvtex 2019/10/25 v1.7 ifvtex legacy package. Use iftex instead.
)
\Gm@cnth=\count301
\Gm@cntv=\count302
\c@Gm@tempcnt=\count303
\Gm@bindingoffset=\dimen164
\Gm@wd@mp=\dimen165
\Gm@odd@mp=\dimen166
\Gm@even@mp=\dimen167
\Gm@layoutwidth=\dimen168
\Gm@layoutheight=\dimen169
\Gm@layouthoffset=\dimen170
\Gm@layoutvoffset=\dimen171
\Gm@dimlist=\toks18

(C:\Users\OsterriederJRO\AppData\Local\Programs\MiKTeX\tex/latex/geometry\geome
try.cfg))
(C:\Users\OsterriederJRO\AppData\Local\Programs\MiKTeX\tex/latex/pgf/math\pgfma
th.sty
(C:\Users\OsterriederJRO\AppData\Local\Programs\MiKTeX\tex/latex/pgf/utilities\
pgfrcs.sty
(C:\Users\OsterriederJRO\AppData\Local\Programs\MiKTeX\tex/generic/pgf/utilitie
s\pgfutil-common.tex
\pgfutil@everybye=\toks19
\pgfutil@tempdima=\dimen172
\pgfutil@tempdimb=\dimen173
)
(C:\Users\OsterriederJRO\AppData\Local\Programs\MiKTeX\tex/generic/pgf/utilitie
s\pgfutil-latex.def
\pgfutil@abb=\box62
)
(C:\Users\OsterriederJRO\AppData\Local\Programs\MiKTeX\tex/generic/pgf/utilitie
s\pgfrcs.code.tex
(C:\Users\OsterriederJRO\AppData\Local\Programs\MiKTeX\tex/generic/pgf\pgf.revi
sion.tex)
Package: pgfrcs 2023-01-15 v3.1.10 (3.1.10)
))
(C:\Users\OsterriederJRO\AppData\Local\Programs\MiKTeX\tex/latex/pgf/utilities\
pgfkeys.sty
(C:\Users\OsterriederJRO\AppData\Local\Programs\MiKTeX\tex/generic/pgf/utilitie
s\pgfkeys.code.tex
\pgfkeys@pathtoks=\toks20
\pgfkeys@temptoks=\toks21

(C:\Users\OsterriederJRO\AppData\Local\Programs\MiKTeX\tex/generic/pgf/utilitie
s\pgfkeyslibraryfiltered.code.tex
\pgfkeys@tmptoks=\toks22
)))
(C:\Users\OsterriederJRO\AppData\Local\Programs\MiKTeX\tex/generic/pgf/math\pgf
math.code.tex
(C:\Users\OsterriederJRO\AppData\Local\Programs\MiKTeX\tex/generic/pgf/math\pgf
mathutil.code.tex
\pgf@x=\dimen174
\pgf@xa=\dimen175
\pgf@xb=\dimen176
\pgf@xc=\dimen177
\pgf@y=\dimen178
\pgf@ya=\dimen179
\pgf@yb=\dimen180
\pgf@yc=\dimen181
\c@pgf@counta=\count304
\c@pgf@countb=\count305
\c@pgf@countc=\count306
\c@pgf@countd=\count307
)
(C:\Users\OsterriederJRO\AppData\Local\Programs\MiKTeX\tex/generic/pgf/math\pgf
mathparser.code.tex
\pgfmath@dimen=\dimen182
\pgfmath@count=\count308
\pgfmath@box=\box63
\pgfmath@toks=\toks23
\pgfmath@stack@operand=\toks24
\pgfmath@stack@operation=\toks25
)
(C:\Users\OsterriederJRO\AppData\Local\Programs\MiKTeX\tex/generic/pgf/math\pgf
mathfunctions.code.tex)
(C:\Users\OsterriederJRO\AppData\Local\Programs\MiKTeX\tex/generic/pgf/math\pgf
mathfunctions.basic.code.tex)
(C:\Users\OsterriederJRO\AppData\Local\Programs\MiKTeX\tex/generic/pgf/math\pgf
mathfunctions.trigonometric.code.tex)
(C:\Users\OsterriederJRO\AppData\Local\Programs\MiKTeX\tex/generic/pgf/math\pgf
mathfunctions.random.code.tex)
(C:\Users\OsterriederJRO\AppData\Local\Programs\MiKTeX\tex/generic/pgf/math\pgf
mathfunctions.comparison.code.tex)
(C:\Users\OsterriederJRO\AppData\Local\Programs\MiKTeX\tex/generic/pgf/math\pgf
mathfunctions.base.code.tex)
(C:\Users\OsterriederJRO\AppData\Local\Programs\MiKTeX\tex/generic/pgf/math\pgf
mathfunctions.round.code.tex)
(C:\Users\OsterriederJRO\AppData\Local\Programs\MiKTeX\tex/generic/pgf/math\pgf
mathfunctions.misc.code.tex)
(C:\Users\OsterriederJRO\AppData\Local\Programs\MiKTeX\tex/generic/pgf/math\pgf
mathfunctions.integerarithmetics.code.tex)
(C:\Users\OsterriederJRO\AppData\Local\Programs\MiKTeX\tex/generic/pgf/math\pgf
mathcalc.code.tex)
(C:\Users\OsterriederJRO\AppData\Local\Programs\MiKTeX\tex/generic/pgf/math\pgf
mathfloat.code.tex
\c@pgfmathroundto@lastzeros=\count309
)))
(C:\Users\OsterriederJRO\AppData\Local\Programs\MiKTeX\tex/latex/extsizes\size8
.clo
File: size8.clo 1999/11/11 v1.4a NON-Standard LaTeX file (size option)
)
(C:\Users\OsterriederJRO\AppData\Local\Programs\MiKTeX\tex/latex/pgf/basiclayer
\pgfcore.sty
(C:\Users\OsterriederJRO\AppData\Local\Programs\MiKTeX\tex/latex/graphics\graph
icx.sty
Package: graphicx 2024/12/31 v1.2e Enhanced LaTeX Graphics (DPC,SPQR)

(C:\Users\OsterriederJRO\AppData\Local\Programs\MiKTeX\tex/latex/graphics\graph
ics.sty
Package: graphics 2024/08/06 v1.4g Standard LaTeX Graphics (DPC,SPQR)

(C:\Users\OsterriederJRO\AppData\Local\Programs\MiKTeX\tex/latex/graphics\trig.
sty
Package: trig 2023/12/02 v1.11 sin cos tan (DPC)
)
(C:\Users\OsterriederJRO\AppData\Local\Programs\MiKTeX\tex/latex/graphics-cfg\g
raphics.cfg
File: graphics.cfg 2016/06/04 v1.11 sample graphics configuration
)
Package graphics Info: Driver file: pdftex.def on input line 106.

(C:\Users\OsterriederJRO\AppData\Local\Programs\MiKTeX\tex/latex/graphics-def\p
dftex.def
File: pdftex.def 2024/04/13 v1.2c Graphics/color driver for pdftex
))
\Gin@req@height=\dimen183
\Gin@req@width=\dimen184
)
(C:\Users\OsterriederJRO\AppData\Local\Programs\MiKTeX\tex/latex/pgf/systemlaye
r\pgfsys.sty
(C:\Users\OsterriederJRO\AppData\Local\Programs\MiKTeX\tex/generic/pgf/systemla
yer\pgfsys.code.tex
Package: pgfsys 2023-01-15 v3.1.10 (3.1.10)
\pgf@x=\dimen185
\pgf@y=\dimen186
\pgf@xa=\dimen187
\pgf@ya=\dimen188
\pgf@xb=\dimen189
\pgf@yb=\dimen190
\pgf@xc=\dimen191
\pgf@yc=\dimen192
\pgf@xd=\dimen193
\pgf@yd=\dimen194
\w@pgf@writea=\write3
\r@pgf@reada=\read2
\c@pgf@counta=\count310
\c@pgf@countb=\count311
\c@pgf@countc=\count312
\c@pgf@countd=\count313
\t@pgf@toka=\toks26
\t@pgf@tokb=\toks27
\t@pgf@tokc=\toks28
\pgf@sys@id@count=\count314

(C:\Users\OsterriederJRO\AppData\Local\Programs\MiKTeX\tex/generic/pgf/systemla
yer\pgf.cfg
File: pgf.cfg 2023-01-15 v3.1.10 (3.1.10)
)
Driver file for pgf: pgfsys-pdftex.def

(C:\Users\OsterriederJRO\AppData\Local\Programs\MiKTeX\tex/generic/pgf/systemla
yer\pgfsys-pdftex.def
File: pgfsys-pdftex.def 2023-01-15 v3.1.10 (3.1.10)

(C:\Users\OsterriederJRO\AppData\Local\Programs\MiKTeX\tex/generic/pgf/systemla
yer\pgfsys-common-pdf.def
File: pgfsys-common-pdf.def 2023-01-15 v3.1.10 (3.1.10)
)))
(C:\Users\OsterriederJRO\AppData\Local\Programs\MiKTeX\tex/generic/pgf/systemla
yer\pgfsyssoftpath.code.tex
File: pgfsyssoftpath.code.tex 2023-01-15 v3.1.10 (3.1.10)
\pgfsyssoftpath@smallbuffer@items=\count315
\pgfsyssoftpath@bigbuffer@items=\count316
)
(C:\Users\OsterriederJRO\AppData\Local\Programs\MiKTeX\tex/generic/pgf/systemla
yer\pgfsysprotocol.code.tex
File: pgfsysprotocol.code.tex 2023-01-15 v3.1.10 (3.1.10)
))
(C:\Users\OsterriederJRO\AppData\Local\Programs\MiKTeX\tex/latex/xcolor\xcolor.
sty
Package: xcolor 2024/09/29 v3.02 LaTeX color extensions (UK)

(C:\Users\OsterriederJRO\AppData\Local\Programs\MiKTeX\tex/latex/graphics-cfg\c
olor.cfg
File: color.cfg 2016/01/02 v1.6 sample color configuration
)
Package xcolor Info: Driver file: pdftex.def on input line 274.

(C:\Users\OsterriederJRO\AppData\Local\Programs\MiKTeX\tex/latex/graphics\mathc
olor.ltx)
Package xcolor Info: Model `cmy' substituted by `cmy0' on input line 1349.
Package xcolor Info: Model `hsb' substituted by `rgb' on input line 1353.
Package xcolor Info: Model `RGB' extended on input line 1365.
Package xcolor Info: Model `HTML' substituted by `rgb' on input line 1367.
Package xcolor Info: Model `Hsb' substituted by `hsb' on input line 1368.
Package xcolor Info: Model `tHsb' substituted by `hsb' on input line 1369.
Package xcolor Info: Model `HSB' substituted by `hsb' on input line 1370.
Package xcolor Info: Model `Gray' substituted by `gray' on input line 1371.
Package xcolor Info: Model `wave' substituted by `hsb' on input line 1372.
)
(C:\Users\OsterriederJRO\AppData\Local\Programs\MiKTeX\tex/generic/pgf/basiclay
er\pgfcore.code.tex
Package: pgfcore 2023-01-15 v3.1.10 (3.1.10)

(C:\Users\OsterriederJRO\AppData\Local\Programs\MiKTeX\tex/generic/pgf/math\pgf
int.code.tex)
(C:\Users\OsterriederJRO\AppData\Local\Programs\MiKTeX\tex/generic/pgf/basiclay
er\pgfcorepoints.code.tex
File: pgfcorepoints.code.tex 2023-01-15 v3.1.10 (3.1.10)
\pgf@picminx=\dimen195
\pgf@picmaxx=\dimen196
\pgf@picminy=\dimen197
\pgf@picmaxy=\dimen198
\pgf@pathminx=\dimen199
\pgf@pathmaxx=\dimen256
\pgf@pathminy=\dimen257
\pgf@pathmaxy=\dimen258
\pgf@xx=\dimen259
\pgf@xy=\dimen260
\pgf@yx=\dimen261
\pgf@yy=\dimen262
\pgf@zx=\dimen263
\pgf@zy=\dimen264
)
(C:\Users\OsterriederJRO\AppData\Local\Programs\MiKTeX\tex/generic/pgf/basiclay
er\pgfcorepathconstruct.code.tex
File: pgfcorepathconstruct.code.tex 2023-01-15 v3.1.10 (3.1.10)
\pgf@path@lastx=\dimen265
\pgf@path@lasty=\dimen266
)
(C:\Users\OsterriederJRO\AppData\Local\Programs\MiKTeX\tex/generic/pgf/basiclay
er\pgfcorepathusage.code.tex
File: pgfcorepathusage.code.tex 2023-01-15 v3.1.10 (3.1.10)
\pgf@shorten@end@additional=\dimen267
\pgf@shorten@start@additional=\dimen268
)
(C:\Users\OsterriederJRO\AppData\Local\Programs\MiKTeX\tex/generic/pgf/basiclay
er\pgfcorescopes.code.tex
File: pgfcorescopes.code.tex 2023-01-15 v3.1.10 (3.1.10)
\pgfpic=\box64
\pgf@hbox=\box65
\pgf@layerbox@main=\box66
\pgf@picture@serial@count=\count317
)
(C:\Users\OsterriederJRO\AppData\Local\Programs\MiKTeX\tex/generic/pgf/basiclay
er\pgfcoregraphicstate.code.tex
File: pgfcoregraphicstate.code.tex 2023-01-15 v3.1.10 (3.1.10)
\pgflinewidth=\dimen269
)
(C:\Users\OsterriederJRO\AppData\Local\Programs\MiKTeX\tex/generic/pgf/basiclay
er\pgfcoretransformations.code.tex
File: pgfcoretransformations.code.tex 2023-01-15 v3.1.10 (3.1.10)
\pgf@pt@x=\dimen270
\pgf@pt@y=\dimen271
\pgf@pt@temp=\dimen272
)
(C:\Users\OsterriederJRO\AppData\Local\Programs\MiKTeX\tex/generic/pgf/basiclay
er\pgfcorequick.code.tex
File: pgfcorequick.code.tex 2023-01-15 v3.1.10 (3.1.10)
)
(C:\Users\OsterriederJRO\AppData\Local\Programs\MiKTeX\tex/generic/pgf/basiclay
er\pgfcoreobjects.code.tex
File: pgfcoreobjects.code.tex 2023-01-15 v3.1.10 (3.1.10)
)
(C:\Users\OsterriederJRO\AppData\Local\Programs\MiKTeX\tex/generic/pgf/basiclay
er\pgfcorepathprocessing.code.tex
File: pgfcorepathprocessing.code.tex 2023-01-15 v3.1.10 (3.1.10)
)
(C:\Users\OsterriederJRO\AppData\Local\Programs\MiKTeX\tex/generic/pgf/basiclay
er\pgfcorearrows.code.tex
File: pgfcorearrows.code.tex 2023-01-15 v3.1.10 (3.1.10)
\pgfarrowsep=\dimen273
)
(C:\Users\OsterriederJRO\AppData\Local\Programs\MiKTeX\tex/generic/pgf/basiclay
er\pgfcoreshade.code.tex
File: pgfcoreshade.code.tex 2023-01-15 v3.1.10 (3.1.10)
\pgf@max=\dimen274
\pgf@sys@shading@range@num=\count318
\pgf@shadingcount=\count319
)
(C:\Users\OsterriederJRO\AppData\Local\Programs\MiKTeX\tex/generic/pgf/basiclay
er\pgfcoreimage.code.tex
File: pgfcoreimage.code.tex 2023-01-15 v3.1.10 (3.1.10)
)
(C:\Users\OsterriederJRO\AppData\Local\Programs\MiKTeX\tex/generic/pgf/basiclay
er\pgfcoreexternal.code.tex
File: pgfcoreexternal.code.tex 2023-01-15 v3.1.10 (3.1.10)
\pgfexternal@startupbox=\box67
)
(C:\Users\OsterriederJRO\AppData\Local\Programs\MiKTeX\tex/generic/pgf/basiclay
er\pgfcorelayers.code.tex
File: pgfcorelayers.code.tex 2023-01-15 v3.1.10 (3.1.10)
)
(C:\Users\OsterriederJRO\AppData\Local\Programs\MiKTeX\tex/generic/pgf/basiclay
er\pgfcoretransparency.code.tex
File: pgfcoretransparency.code.tex 2023-01-15 v3.1.10 (3.1.10)
)
(C:\Users\OsterriederJRO\AppData\Local\Programs\MiKTeX\tex/generic/pgf/basiclay
er\pgfcorepatterns.code.tex
File: pgfcorepatterns.code.tex 2023-01-15 v3.1.10 (3.1.10)
)
(C:\Users\OsterriederJRO\AppData\Local\Programs\MiKTeX\tex/generic/pgf/basiclay
er\pgfcorerdf.code.tex
File: pgfcorerdf.code.tex 2023-01-15 v3.1.10 (3.1.10)
)))
(C:\Users\OsterriederJRO\AppData\Local\Programs\MiKTeX\tex/latex/pgf/utilities\
xxcolor.sty
Package: xxcolor 2003/10/24 ver 0.1
\XC@nummixins=\count320
\XC@countmixins=\count321
)
(C:\Users\OsterriederJRO\AppData\Local\Programs\MiKTeX\tex/latex/base\atbegshi-
ltx.sty
Package: atbegshi-ltx 2021/01/10 v1.0c Emulation of the original atbegshi
package with kernel methods
)
(C:\Users\OsterriederJRO\AppData\Local\Programs\MiKTeX\tex/latex/hyperref\hyper
ref.sty
Package: hyperref 2025-07-12 v7.01o Hypertext links for LaTeX

(C:\Users\OsterriederJRO\AppData\Local\Programs\MiKTeX\tex/latex/kvsetkeys\kvse
tkeys.sty
Package: kvsetkeys 2022-10-05 v1.19 Key value parser (HO)
)
(C:\Users\OsterriederJRO\AppData\Local\Programs\MiKTeX\tex/generic/kvdefinekeys
\kvdefinekeys.sty
Package: kvdefinekeys 2019-12-19 v1.6 Define keys (HO)
)
(C:\Users\OsterriederJRO\AppData\Local\Programs\MiKTeX\tex/generic/pdfescape\pd
fescape.sty
Package: pdfescape 2019/12/09 v1.15 Implements pdfTeX's escape features (HO)

(C:\Users\OsterriederJRO\AppData\Local\Programs\MiKTeX\tex/generic/ltxcmds\ltxc
mds.sty
Package: ltxcmds 2023-12-04 v1.26 LaTeX kernel commands for general use (HO)
)
(C:\Users\OsterriederJRO\AppData\Local\Programs\MiKTeX\tex/generic/pdftexcmds\p
dftexcmds.sty
Package: pdftexcmds 2020-06-27 v0.33 Utility functions of pdfTeX for LuaTeX (HO
)

(C:\Users\OsterriederJRO\AppData\Local\Programs\MiKTeX\tex/generic/infwarerr\in
fwarerr.sty
Package: infwarerr 2019/12/03 v1.5 Providing info/warning/error messages (HO)
)
Package pdftexcmds Info: \pdf@primitive is available.
Package pdftexcmds Info: \pdf@ifprimitive is available.
Package pdftexcmds Info: \pdfdraftmode found.
))
(C:\Users\OsterriederJRO\AppData\Local\Programs\MiKTeX\tex/latex/hycolor\hycolo
r.sty
Package: hycolor 2020-01-27 v1.10 Color options for hyperref/bookmark (HO)
)
(C:\Users\OsterriederJRO\AppData\Local\Programs\MiKTeX\tex/latex/hyperref\namer
ef.sty
Package: nameref 2025-06-21 v2.57 Cross-referencing by name of section

(C:\Users\OsterriederJRO\AppData\Local\Programs\MiKTeX\tex/latex/refcount\refco
unt.sty
Package: refcount 2019/12/15 v3.6 Data extraction from label references (HO)
)
(C:\Users\OsterriederJRO\AppData\Local\Programs\MiKTeX\tex/generic/gettitlestri
ng\gettitlestring.sty
Package: gettitlestring 2019/12/15 v1.6 Cleanup title references (HO)

(C:\Users\OsterriederJRO\AppData\Local\Programs\MiKTeX\tex/latex/kvoptions\kvop
tions.sty
Package: kvoptions 2022-06-15 v3.15 Key value format for package options (HO)
))
\c@section@level=\count322
)
(C:\Users\OsterriederJRO\AppData\Local\Programs\MiKTeX\tex/generic/stringenc\st
ringenc.sty
Package: stringenc 2019/11/29 v1.12 Convert strings between diff. encodings (HO
)
)
\@linkdim=\dimen275
\Hy@linkcounter=\count323
\Hy@pagecounter=\count324

(C:\Users\OsterriederJRO\AppData\Local\Programs\MiKTeX\tex/latex/hyperref\pd1en
c.def
File: pd1enc.def 2025-07-12 v7.01o Hyperref: PDFDocEncoding definition (HO)
Now handling font encoding PD1 ...
... no UTF-8 mapping file for font encoding PD1
)
(C:\Users\OsterriederJRO\AppData\Local\Programs\MiKTeX\tex/generic/intcalc\intc
alc.sty
Package: intcalc 2019/12/15 v1.3 Expandable calculations with integers (HO)
)
\Hy@SavedSpaceFactor=\count325

(C:\Users\OsterriederJRO\AppData\Local\Programs\MiKTeX\tex/latex/hyperref\puenc
.def
File: puenc.def 2025-07-12 v7.01o Hyperref: PDF Unicode definition (HO)
Now handling font encoding PU ...
... no UTF-8 mapping file for font encoding PU
)
Package hyperref Info: Option `bookmarks' set `true' on input line 4066.
Package hyperref Info: Option `bookmarksopen' set `true' on input line 4066.
Package hyperref Info: Option `implicit' set `false' on input line 4066.
Package hyperref Info: Hyper figures OFF on input line 4195.
Package hyperref Info: Link nesting OFF on input line 4200.
Package hyperref Info: Hyper index ON on input line 4203.
Package hyperref Info: Plain pages OFF on input line 4210.
Package hyperref Info: Backreferencing OFF on input line 4215.
Package hyperref Info: Implicit mode OFF; no redefinition of LaTeX internals.
Package hyperref Info: Bookmarks ON on input line 4462.
\c@Hy@tempcnt=\count326

(C:\Users\OsterriederJRO\AppData\Local\Programs\MiKTeX\tex/latex/url\url.sty
\Urlmuskip=\muskip17
Package: url 2013/09/16  ver 3.4  Verb mode for urls, etc.
)
LaTeX Info: Redefining \url on input line 4801.
\XeTeXLinkMargin=\dimen276

(C:\Users\OsterriederJRO\AppData\Local\Programs\MiKTeX\tex/generic/bitset\bitse
t.sty
Package: bitset 2019/12/09 v1.3 Handle bit-vector datatype (HO)

(C:\Users\OsterriederJRO\AppData\Local\Programs\MiKTeX\tex/generic/bigintcalc\b
igintcalc.sty
Package: bigintcalc 2019/12/15 v1.5 Expandable calculations on big integers (HO
)
))
\Fld@menulength=\count327
\Field@Width=\dimen277
\Fld@charsize=\dimen278
Package hyperref Info: Hyper figures OFF on input line 6078.
Package hyperref Info: Link nesting OFF on input line 6083.
Package hyperref Info: Hyper index ON on input line 6086.
Package hyperref Info: backreferencing OFF on input line 6093.
Package hyperref Info: Link coloring OFF on input line 6098.
Package hyperref Info: Link coloring with OCG OFF on input line 6103.
Package hyperref Info: PDF/A mode OFF on input line 6108.
\Hy@abspage=\count328


Package hyperref Message: Stopped early.

)
Package hyperref Info: Driver (autodetected): hpdftex.

(C:\Users\OsterriederJRO\AppData\Local\Programs\MiKTeX\tex/latex/hyperref\hpdft
ex.def
File: hpdftex.def 2025-07-12 v7.01o Hyperref driver for pdfTeX
\Fld@listcount=\count329
\c@bookmark@seq@number=\count330

(C:\Users\OsterriederJRO\AppData\Local\Programs\MiKTeX\tex/latex/rerunfilecheck
\rerunfilecheck.sty
Package: rerunfilecheck 2025-06-21 v1.11 Rerun checks for auxiliary files (HO)

(C:\Users\OsterriederJRO\AppData\Local\Programs\MiKTeX\tex/generic/uniquecounte
r\uniquecounter.sty
Package: uniquecounter 2019/12/15 v1.4 Provide unlimited unique counter (HO)
)
Package uniquecounter Info: New unique counter `rerunfilecheck' on input line 2
84.
))
(C:\Users\OsterriederJRO\AppData\Local\Programs\MiKTeX\tex/latex/beamer\beamerb
aserequires.sty
(C:\Users\OsterriederJRO\AppData\Local\Programs\MiKTeX\tex/latex/beamer\beamerb
asecompatibility.sty)
(C:\Users\OsterriederJRO\AppData\Local\Programs\MiKTeX\tex/latex/beamer\beamerb
asefont.sty
(C:\Users\OsterriederJRO\AppData\Local\Programs\MiKTeX\tex/latex/amsfonts\amssy
mb.sty
Package: amssymb 2013/01/14 v3.01 AMS font symbols

(C:\Users\OsterriederJRO\AppData\Local\Programs\MiKTeX\tex/latex/amsfonts\amsfo
nts.sty
Package: amsfonts 2013/01/14 v3.01 Basic AMSFonts support
\@emptytoks=\toks29
\symAMSa=\mathgroup4
\symAMSb=\mathgroup5
LaTeX Font Info:    Redeclaring math symbol \hbar on input line 98.
LaTeX Font Info:    Overwriting math alphabet `\mathfrak' in version `bold'
(Font)                  U/euf/m/n --> U/euf/b/n on input line 106.
))
(C:\Users\OsterriederJRO\AppData\Local\Programs\MiKTeX\tex/latex/sansmathaccent
\sansmathaccent.sty
Package: sansmathaccent 2020/01/31

(C:\Users\OsterriederJRO\AppData\Local\Programs\MiKTeX\tex/latex/koma-script\sc
rlfile.sty
Package: scrlfile 2025/06/04 v3.45 KOMA-Script package (file load hooks)

(C:\Users\OsterriederJRO\AppData\Local\Programs\MiKTeX\tex/latex/koma-script\sc
rlfile-hook.sty
Package: scrlfile-hook 2025/06/04 v3.45 KOMA-Script package (using LaTeX hooks)


(C:\Users\OsterriederJRO\AppData\Local\Programs\MiKTeX\tex/latex/koma-script\sc
rlogo.sty
Package: scrlogo 2025/06/04 v3.45 KOMA-Script package (logo)
)))))
(C:\Users\OsterriederJRO\AppData\Local\Programs\MiKTeX\tex/latex/beamer\beamerb
asetranslator.sty
(C:\Users\OsterriederJRO\AppData\Local\Programs\MiKTeX\tex/latex/translator\tra
nslator.sty
Package: translator 2021-05-31 v1.12d Easy translation of strings in LaTeX
))
(C:\Users\OsterriederJRO\AppData\Local\Programs\MiKTeX\tex/latex/beamer\beamerb
asemisc.sty)
(C:\Users\OsterriederJRO\AppData\Local\Programs\MiKTeX\tex/latex/beamer\beamerb
asetwoscreens.sty)
(C:\Users\OsterriederJRO\AppData\Local\Programs\MiKTeX\tex/latex/beamer\beamerb
aseoverlay.sty
\beamer@argscount=\count331
\beamer@lastskipcover=\skip52
\beamer@trivlistdepth=\count332
)
(C:\Users\OsterriederJRO\AppData\Local\Programs\MiKTeX\tex/latex/beamer\beamerb
asetitle.sty)
(C:\Users\OsterriederJRO\AppData\Local\Programs\MiKTeX\tex/latex/beamer\beamerb
asesection.sty
\c@lecture=\count333
\c@part=\count334
\c@section=\count335
\c@subsection=\count336
\c@subsubsection=\count337
)
(C:\Users\OsterriederJRO\AppData\Local\Programs\MiKTeX\tex/latex/beamer\beamerb
aseframe.sty
\beamer@framebox=\box68
\beamer@frametitlebox=\box69
\beamer@zoombox=\box70
\beamer@zoomcount=\count338
\beamer@zoomframecount=\count339
\beamer@frametextheight=\dimen279
\c@subsectionslide=\count340
\beamer@frametopskip=\skip53
\beamer@framebottomskip=\skip54
\beamer@frametopskipautobreak=\skip55
\beamer@framebottomskipautobreak=\skip56
\beamer@envbody=\toks30
\framewidth=\dimen280
\c@framenumber=\count341
)
(C:\Users\OsterriederJRO\AppData\Local\Programs\MiKTeX\tex/latex/beamer\beamerb
aseverbatim.sty
\beamer@verbatimfileout=\write4
)
(C:\Users\OsterriederJRO\AppData\Local\Programs\MiKTeX\tex/latex/beamer\beamerb
aseframesize.sty
\beamer@splitbox=\box71
\beamer@autobreakcount=\count342
\beamer@autobreaklastheight=\dimen281
\beamer@frametitletoks=\toks31
\beamer@framesubtitletoks=\toks32
)
(C:\Users\OsterriederJRO\AppData\Local\Programs\MiKTeX\tex/latex/beamer\beamerb
aseframecomponents.sty
\beamer@footins=\box72
)
(C:\Users\OsterriederJRO\AppData\Local\Programs\MiKTeX\tex/latex/beamer\beamerb
asecolor.sty)
(C:\Users\OsterriederJRO\AppData\Local\Programs\MiKTeX\tex/latex/beamer\beamerb
asenotes.sty
\beamer@frameboxcopy=\box73
)
(C:\Users\OsterriederJRO\AppData\Local\Programs\MiKTeX\tex/latex/beamer\beamerb
asetoc.sty)
(C:\Users\OsterriederJRO\AppData\Local\Programs\MiKTeX\tex/latex/beamer\beamerb
asetemplates.sty
\beamer@sbttoks=\toks33

(C:\Users\OsterriederJRO\AppData\Local\Programs\MiKTeX\tex/latex/beamer\beamerb
aseauxtemplates.sty
(C:\Users\OsterriederJRO\AppData\Local\Programs\MiKTeX\tex/latex/beamer\beamerb
aseboxes.sty
\bmb@box=\box74
\bmb@colorbox=\box75
\bmb@boxwidth=\dimen282
\bmb@boxheight=\dimen283
\bmb@prevheight=\dimen284
\bmb@temp=\dimen285
\bmb@dima=\dimen286
\bmb@dimb=\dimen287
\bmb@prevheight=\dimen288
)
\beamer@blockheadheight=\dimen289
))
(C:\Users\OsterriederJRO\AppData\Local\Programs\MiKTeX\tex/latex/beamer\beamerb
aselocalstructure.sty
(C:\Users\OsterriederJRO\AppData\Local\Programs\MiKTeX\tex/latex/tools\enumerat
e.sty
Package: enumerate 2023/07/04 v3.00 enumerate extensions (DPC)
\@enLab=\toks34
)
\beamer@bibiconwidth=\skip57
\c@figure=\count343
\c@table=\count344
\abovecaptionskip=\skip58
\belowcaptionskip=\skip59
)
(C:\Users\OsterriederJRO\AppData\Local\Programs\MiKTeX\tex/latex/beamer\beamerb
asenavigation.sty
(C:\Users\OsterriederJRO\AppData\Local\Programs\MiKTeX\tex/latex/beamer\beamerb
asenavigationsymbols.tex)
\beamer@section@min@dim=\dimen290
)
(C:\Users\OsterriederJRO\AppData\Local\Programs\MiKTeX\tex/latex/beamer\beamerb
asetheorems.sty
(C:\Users\OsterriederJRO\AppData\Local\Programs\MiKTeX\tex/latex/amsmath\amsmat
h.sty
Package: amsmath 2025/06/16 v2.17y AMS math features
\@mathmargin=\skip60

For additional information on amsmath, use the `?' option.

(C:\Users\OsterriederJRO\AppData\Local\Programs\MiKTeX\tex/latex/amsmath\amstex
t.sty
Package: amstext 2024/11/17 v2.01 AMS text

(C:\Users\OsterriederJRO\AppData\Local\Programs\MiKTeX\tex/latex/amsmath\amsgen
.sty
File: amsgen.sty 1999/11/30 v2.0 generic functions
\@emptytoks=\toks35
\ex@=\dimen291
))
(C:\Users\OsterriederJRO\AppData\Local\Programs\MiKTeX\tex/latex/amsmath\amsbsy
.sty
Package: amsbsy 1999/11/29 v1.2d Bold Symbols
\pmbraise@=\dimen292
)
(C:\Users\OsterriederJRO\AppData\Local\Programs\MiKTeX\tex/latex/amsmath\amsopn
.sty
Package: amsopn 2022/04/08 v2.04 operator names
)
\inf@bad=\count345
LaTeX Info: Redefining \frac on input line 233.
\uproot@=\count346
\leftroot@=\count347
LaTeX Info: Redefining \overline on input line 398.
LaTeX Info: Redefining \colon on input line 409.
\classnum@=\count348
\DOTSCASE@=\count349
LaTeX Info: Redefining \ldots on input line 495.
LaTeX Info: Redefining \dots on input line 498.
LaTeX Info: Redefining \cdots on input line 619.
\Mathstrutbox@=\box76
\strutbox@=\box77
LaTeX Info: Redefining \big on input line 721.
LaTeX Info: Redefining \Big on input line 722.
LaTeX Info: Redefining \bigg on input line 723.
LaTeX Info: Redefining \Bigg on input line 724.
\big@size=\dimen293
LaTeX Font Info:    Redeclaring font encoding OML on input line 742.
LaTeX Font Info:    Redeclaring font encoding OMS on input line 743.
\macc@depth=\count350
LaTeX Info: Redefining \bmod on input line 904.
LaTeX Info: Redefining \pmod on input line 909.
LaTeX Info: Redefining \smash on input line 939.
LaTeX Info: Redefining \relbar on input line 969.
LaTeX Info: Redefining \Relbar on input line 970.
\c@MaxMatrixCols=\count351
\dotsspace@=\muskip18
\c@parentequation=\count352
\dspbrk@lvl=\count353
\tag@help=\toks36
\row@=\count354
\column@=\count355
\maxfields@=\count356
\andhelp@=\toks37
\eqnshift@=\dimen294
\alignsep@=\dimen295
\tagshift@=\dimen296
\tagwidth@=\dimen297
\totwidth@=\dimen298
\lineht@=\dimen299
\@envbody=\toks38
\multlinegap=\skip61
\multlinetaggap=\skip62
\mathdisplay@stack=\toks39
LaTeX Info: Redefining \[ on input line 2949.
LaTeX Info: Redefining \] on input line 2950.
)
(C:\Users\OsterriederJRO\AppData\Local\Programs\MiKTeX\tex/latex/amscls\amsthm.
sty
Package: amsthm 2020/05/29 v2.20.6
\thm@style=\toks40
\thm@bodyfont=\toks41
\thm@headfont=\toks42
\thm@notefont=\toks43
\thm@headpunct=\toks44
\thm@preskip=\skip63
\thm@postskip=\skip64
\thm@headsep=\skip65
\dth@everypar=\toks45
)
\c@theorem=\count357
)
(C:\Users\OsterriederJRO\AppData\Local\Programs\MiKTeX\tex/latex/beamer\beamerb
asethemes.sty))
(C:\Users\OsterriederJRO\AppData\Local\Programs\MiKTeX\tex/latex/beamer\beamert
hemedefault.sty
(C:\Users\OsterriederJRO\AppData\Local\Programs\MiKTeX\tex/latex/beamer\beamerf
ontthemedefault.sty)
(C:\Users\OsterriederJRO\AppData\Local\Programs\MiKTeX\tex/latex/beamer\beamerc
olorthemedefault.sty)
(C:\Users\OsterriederJRO\AppData\Local\Programs\MiKTeX\tex/latex/beamer\beameri
nnerthemedefault.sty
\beamer@dima=\dimen300
\beamer@dimb=\dimen301
)
(C:\Users\OsterriederJRO\AppData\Local\Programs\MiKTeX\tex/latex/beamer\beamero
uterthemedefault.sty)))
(C:\Users\OsterriederJRO\AppData\Local\Programs\MiKTeX\tex/latex/beamer\beamert
hemeMadrid.sty
(C:\Users\OsterriederJRO\AppData\Local\Programs\MiKTeX\tex/latex/beamer\beamerc
olorthemewhale.sty)
(C:\Users\OsterriederJRO\AppData\Local\Programs\MiKTeX\tex/latex/beamer\beamerc
olorthemeorchid.sty)
(C:\Users\OsterriederJRO\AppData\Local\Programs\MiKTeX\tex/latex/beamer\beameri
nnerthemerounded.sty)
(C:\Users\OsterriederJRO\AppData\Local\Programs\MiKTeX\tex/latex/beamer\beamero
uterthemeinfolines.sty))
(C:\Users\OsterriederJRO\AppData\Local\Programs\MiKTeX\tex/latex/booktabs\bookt
abs.sty
Package: booktabs 2020/01/12 v1.61803398 Publication quality tables
\heavyrulewidth=\dimen302
\lightrulewidth=\dimen303
\cmidrulewidth=\dimen304
\belowrulesep=\dimen305
\belowbottomsep=\dimen306
\aboverulesep=\dimen307
\abovetopsep=\dimen308
\cmidrulesep=\dimen309
\cmidrulekern=\dimen310
\defaultaddspace=\dimen311
\@cmidla=\count358
\@cmidlb=\count359
\@aboverulesep=\dimen312
\@belowrulesep=\dimen313
\@thisruleclass=\count360
\@lastruleclass=\count361
\@thisrulewidth=\dimen314
)
(C:\Users\OsterriederJRO\AppData\Local\Programs\MiKTeX\tex/latex/adjustbox\adju
stbox.sty
Package: adjustbox 2025/02/26 v1.3c Adjusting TeX boxes (trim, clip, ...)

(C:\Users\OsterriederJRO\AppData\Local\Programs\MiKTeX\tex/latex/xkeyval\xkeyva
l.sty
Package: xkeyval 2022/06/16 v2.9 package option processing (HA)

(C:\Users\OsterriederJRO\AppData\Local\Programs\MiKTeX\tex/generic/xkeyval\xkey
val.tex
(C:\Users\OsterriederJRO\AppData\Local\Programs\MiKTeX\tex/generic/xkeyval\xkvu
tils.tex
\XKV@toks=\toks46
\XKV@tempa@toks=\toks47
)
\XKV@depth=\count362
File: xkeyval.tex 2014/12/03 v2.7a key=value parser (HA)
))
(C:\Users\OsterriederJRO\AppData\Local\Programs\MiKTeX\tex/latex/adjustbox\adjc
alc.sty
Package: adjcalc 2012/05/16 v1.1 Provides advanced setlength with multiple back
-ends (calc, etex, pgfmath)
)
(C:\Users\OsterriederJRO\AppData\Local\Programs\MiKTeX\tex/latex/adjustbox\trim
clip.sty
Package: trimclip 2025/02/21 v1.2a Trim and clip general TeX material

(C:\Users\OsterriederJRO\AppData\Local\Programs\MiKTeX\tex/latex/collectbox\col
lectbox.sty
Package: collectbox 2022/10/17 v0.4c Collect macro arguments as boxes
\collectedbox=\box78
)
\tc@llx=\dimen315
\tc@lly=\dimen316
\tc@urx=\dimen317
\tc@ury=\dimen318
Package trimclip Info: Using driver 'tc-pdftex.def'.

(C:\Users\OsterriederJRO\AppData\Local\Programs\MiKTeX\tex/latex/adjustbox\tc-p
dftex.def
File: tc-pdftex.def 2025/02/26 v2.3 Clipping driver for pdftex
))
\adjbox@Width=\dimen319
\adjbox@Height=\dimen320
\adjbox@Depth=\dimen321
\adjbox@Totalheight=\dimen322
\adjbox@pwidth=\dimen323
\adjbox@pheight=\dimen324
\adjbox@pdepth=\dimen325
\adjbox@ptotalheight=\dimen326

(C:\Users\OsterriederJRO\AppData\Local\Programs\MiKTeX\tex/latex/ifoddpage\ifod
dpage.sty
Package: ifoddpage 2022/10/18 v1.2 Conditionals for odd/even page detection
\c@checkoddpage=\count363
)
(C:\Users\OsterriederJRO\AppData\Local\Programs\MiKTeX\tex/latex/varwidth\varwi
dth.sty
Package: varwidth 2009/03/30 ver 0.92;  Variable-width minipages
\@vwid@box=\box79
\sift@deathcycles=\count364
\@vwid@loff=\dimen327
\@vwid@roff=\dimen328
)
==> First Aid for varwidth.sty applied!
)
(C:\Users\OsterriederJRO\AppData\Local\Programs\MiKTeX\tex/latex/tools\multicol
.sty
Package: multicol 2025/05/25 v2.0a multicolumn formatting (FMi)
\c@tracingmulticols=\count365
\mult@box=\box80
\multicol@leftmargin=\dimen329
\c@unbalance=\count366
\c@collectmore=\count367
\doublecol@number=\count368
\multicoltolerance=\count369
\multicolpretolerance=\count370
\full@width=\dimen330
\page@free=\dimen331
\premulticols=\dimen332
\postmulticols=\dimen333
\multicolsep=\skip66
\multicolbaselineskip=\skip67
\partial@page=\box81
\last@line=\box82
\mc@boxedresult=\box83
\maxbalancingoverflow=\dimen334
\mult@rightbox=\box84
\mult@grightbox=\box85
\mult@firstbox=\box86
\mult@gfirstbox=\box87
\@tempa=\box88
\@tempa=\box89
\@tempa=\box90
\@tempa=\box91
\@tempa=\box92
\@tempa=\box93
\@tempa=\box94
\@tempa=\box95
\@tempa=\box96
\@tempa=\box97
\@tempa=\box98
\@tempa=\box99
\@tempa=\box100
\@tempa=\box101
\@tempa=\box102
\@tempa=\box103
\@tempa=\box104
\@tempa=\box105
\@tempa=\box106
\@tempa=\box107
\@tempa=\box108
\@tempa=\box109
\@tempa=\box110
\@tempa=\box111
\@tempa=\box112
\@tempa=\box113
\@tempa=\box114
\@tempa=\box115
\@tempa=\box116
\@tempa=\box117
\@tempa=\box118
\@tempa=\box119
\@tempa=\box120
\@tempa=\box121
\@tempa=\box122
\@tempa=\box123
\c@minrows=\count371
\c@columnbadness=\count372
\c@finalcolumnbadness=\count373
\last@try=\dimen335
\multicolovershoot=\dimen336
\multicolundershoot=\dimen337
\mult@nat@firstbox=\box124
\colbreak@box=\box125
\mc@col@check@num=\count374
\g__mc_curr_col_int=\count375
)
(C:\Users\OsterriederJRO\AppData\Local\Programs\MiKTeX\tex/latex/tcolorbox\tcol
orbox.sty
Package: tcolorbox 2025/07/08 version 6.7.1 text color boxes

(C:\Users\OsterriederJRO\AppData\Local\Programs\MiKTeX\tex/latex/pgf/frontendla
yer\tikz.sty
(C:\Users\OsterriederJRO\AppData\Local\Programs\MiKTeX\tex/latex/pgf/basiclayer
\pgf.sty
Package: pgf 2023-01-15 v3.1.10 (3.1.10)

(C:\Users\OsterriederJRO\AppData\Local\Programs\MiKTeX\tex/generic/pgf/modules\
pgfmoduleshapes.code.tex
File: pgfmoduleshapes.code.tex 2023-01-15 v3.1.10 (3.1.10)
\pgfnodeparttextbox=\box126
)
(C:\Users\OsterriederJRO\AppData\Local\Programs\MiKTeX\tex/generic/pgf/modules\
pgfmoduleplot.code.tex
File: pgfmoduleplot.code.tex 2023-01-15 v3.1.10 (3.1.10)
)
(C:\Users\OsterriederJRO\AppData\Local\Programs\MiKTeX\tex/latex/pgf/compatibil
ity\pgfcomp-version-0-65.sty
Package: pgfcomp-version-0-65 2023-01-15 v3.1.10 (3.1.10)
\pgf@nodesepstart=\dimen338
\pgf@nodesepend=\dimen339
)
(C:\Users\OsterriederJRO\AppData\Local\Programs\MiKTeX\tex/latex/pgf/compatibil
ity\pgfcomp-version-1-18.sty
Package: pgfcomp-version-1-18 2023-01-15 v3.1.10 (3.1.10)
))
(C:\Users\OsterriederJRO\AppData\Local\Programs\MiKTeX\tex/latex/pgf/utilities\
pgffor.sty
(C:\Users\OsterriederJRO\AppData\Local\Programs\MiKTeX\tex/generic/pgf/utilitie
s\pgffor.code.tex
Package: pgffor 2023-01-15 v3.1.10 (3.1.10)
\pgffor@iter=\dimen340
\pgffor@skip=\dimen341
\pgffor@stack=\toks48
\pgffor@toks=\toks49
))
(C:\Users\OsterriederJRO\AppData\Local\Programs\MiKTeX\tex/generic/pgf/frontend
layer/tikz\tikz.code.tex
Package: tikz 2023-01-15 v3.1.10 (3.1.10)

(C:\Users\OsterriederJRO\AppData\Local\Programs\MiKTeX\tex/generic/pgf/librarie
s\pgflibraryplothandlers.code.tex
File: pgflibraryplothandlers.code.tex 2023-01-15 v3.1.10 (3.1.10)
\pgf@plot@mark@count=\count376
\pgfplotmarksize=\dimen342
)
\tikz@lastx=\dimen343
\tikz@lasty=\dimen344
\tikz@lastxsaved=\dimen345
\tikz@lastysaved=\dimen346
\tikz@lastmovetox=\dimen347
\tikz@lastmovetoy=\dimen348
\tikzleveldistance=\dimen349
\tikzsiblingdistance=\dimen350
\tikz@figbox=\box127
\tikz@figbox@bg=\box128
\tikz@tempbox=\box129
\tikz@tempbox@bg=\box130
\tikztreelevel=\count377
\tikznumberofchildren=\count378
\tikznumberofcurrentchild=\count379
\tikz@fig@count=\count380

(C:\Users\OsterriederJRO\AppData\Local\Programs\MiKTeX\tex/generic/pgf/modules\
pgfmodulematrix.code.tex
File: pgfmodulematrix.code.tex 2023-01-15 v3.1.10 (3.1.10)
\pgfmatrixcurrentrow=\count381
\pgfmatrixcurrentcolumn=\count382
\pgf@matrix@numberofcolumns=\count383
)
\tikz@expandcount=\count384

(C:\Users\OsterriederJRO\AppData\Local\Programs\MiKTeX\tex/generic/pgf/frontend
layer/tikz/libraries\tikzlibrarytopaths.code.tex
File: tikzlibrarytopaths.code.tex 2023-01-15 v3.1.10 (3.1.10)
)))
(C:\Users\OsterriederJRO\AppData\Local\Programs\MiKTeX\tex/latex/tools\verbatim
.sty
Package: verbatim 2024-01-22 v1.5x LaTeX2e package for verbatim enhancements
\every@verbatim=\toks50
\verbatim@line=\toks51
\verbatim@in@stream=\read3
)
(C:\Users\OsterriederJRO\AppData\Local\Programs\MiKTeX\tex/latex/environ\enviro
n.sty
Package: environ 2014/05/04 v0.3 A new way to define environments

(C:\Users\OsterriederJRO\AppData\Local\Programs\MiKTeX\tex/latex/trimspaces\tri
mspaces.sty
Package: trimspaces 2009/09/17 v1.1 Trim spaces around a token list
))
\tcb@titlebox=\box131
\tcb@upperbox=\box132
\tcb@lowerbox=\box133
\tcb@phantombox=\box134
\c@tcbbreakpart=\count385
\c@tcblayer=\count386
\c@tcolorbox@number=\count387
\l__tcobox_tmpa_box=\box135
\l__tcobox_tmpa_dim=\dimen351
\tcb@temp=\box136
\tcb@temp=\box137
\tcb@temp=\box138
\tcb@temp=\box139
)
(C:\Users\OsterriederJRO\AppData\Local\Programs\MiKTeX\tex/generic/pgf/frontend
layer/tikz/libraries\tikzlibraryshapes.geometric.code.tex
File: tikzlibraryshapes.geometric.code.tex 2023-01-15 v3.1.10 (3.1.10)

(C:\Users\OsterriederJRO\AppData\Local\Programs\MiKTeX\tex/generic/pgf/librarie
s/shapes\pgflibraryshapes.geometric.code.tex
File: pgflibraryshapes.geometric.code.tex 2023-01-15 v3.1.10 (3.1.10)
))
(C:\Users\OsterriederJRO\AppData\Local\Programs\MiKTeX\tex/generic/pgf/frontend
layer/tikz/libraries\tikzlibraryarrows.code.tex
File: tikzlibraryarrows.code.tex 2023-01-15 v3.1.10 (3.1.10)

(C:\Users\OsterriederJRO\AppData\Local\Programs\MiKTeX\tex/generic/pgf/librarie
s\pgflibraryarrows.code.tex
File: pgflibraryarrows.code.tex 2023-01-15 v3.1.10 (3.1.10)
\arrowsize=\dimen352
))
(C:\Users\OsterriederJRO\AppData\Local\Programs\MiKTeX\tex/generic/pgf/frontend
layer/tikz/libraries\tikzlibrarypositioning.code.tex
File: tikzlibrarypositioning.code.tex 2023-01-15 v3.1.10 (3.1.10)
)

Package hyperref Warning: Token not allowed in a PDF string (Unicode):
(hyperref)                removing `\new@ifnextchar' on input line 37.


(C:\Users\OsterriederJRO\AppData\Local\Programs\MiKTeX\tex/latex/l3backend\l3ba
ckend-pdftex.def
File: l3backend-pdftex.def 2025-06-09 L3 backend support: PDF output (pdfTeX)
\l__color_backend_stack_int=\count388
)
No file 20250912_2013_week01_slides.aux.
\openout1 = `20250912_2013_week01_slides.aux'.

LaTeX Font Info:    Checking defaults for OML/cmm/m/it on input line 37.
LaTeX Font Info:    ... okay on input line 37.
LaTeX Font Info:    Checking defaults for OMS/cmsy/m/n on input line 37.
LaTeX Font Info:    ... okay on input line 37.
LaTeX Font Info:    Checking defaults for OT1/cmr/m/n on input line 37.
LaTeX Font Info:    ... okay on input line 37.
LaTeX Font Info:    Checking defaults for T1/cmr/m/n on input line 37.
LaTeX Font Info:    ... okay on input line 37.
LaTeX Font Info:    Checking defaults for TS1/cmr/m/n on input line 37.
LaTeX Font Info:    ... okay on input line 37.
LaTeX Font Info:    Checking defaults for OMX/cmex/m/n on input line 37.
LaTeX Font Info:    ... okay on input line 37.
LaTeX Font Info:    Checking defaults for U/cmr/m/n on input line 37.
LaTeX Font Info:    ... okay on input line 37.
LaTeX Font Info:    Checking defaults for PD1/pdf/m/n on input line 37.
LaTeX Font Info:    ... okay on input line 37.
LaTeX Font Info:    Checking defaults for PU/pdf/m/n on input line 37.
LaTeX Font Info:    ... okay on input line 37.
*geometry* driver: auto-detecting
*geometry* detected driver: pdftex
*geometry* verbose mode - [ preamble ] result:
* driver: pdftex
* paper: custom
* layout: <same size as paper>
* layoutoffset:(h,v)=(0.0pt,0.0pt)
* modes: includehead includefoot 
* h-part:(L,W,R)=(8.50012pt, 438.24384pt, 8.50012pt)
* v-part:(T,H,B)=(0.0pt, 256.0748pt, 0.0pt)
* \paperwidth=455.24408pt
* \paperheight=256.0748pt
* \textwidth=438.24384pt
* \textheight=227.62207pt
* \oddsidemargin=-63.76987pt
* \evensidemargin=-63.76987pt
* \topmargin=-72.26999pt
* \headheight=14.22636pt
* \headsep=0.0pt
* \topskip=9.0pt
* \footskip=14.22636pt
* \marginparwidth=4.0pt
* \marginparsep=10.0pt
* \columnsep=10.0pt
* \skip\footins=7.0pt plus 4.0pt minus 2.0pt
* \hoffset=0.0pt
* \voffset=0.0pt
* \mag=1000
* \@twocolumnfalse
* \@twosidefalse
* \@mparswitchfalse
* \@reversemarginfalse
* (1in=72.27pt=25.4mm, 1cm=28.453pt)


(C:\Users\OsterriederJRO\AppData\Local\Programs\MiKTeX\tex/context/base/mkii\su
pp-pdf.mkii
[Loading MPS to PDF converter (version 2006.09.02).]
\scratchcounter=\count389
\scratchdimen=\dimen353
\scratchbox=\box140
\nofMPsegments=\count390
\nofMParguments=\count391
\everyMPshowfont=\toks52
\MPscratchCnt=\count392
\MPscratchDim=\dimen354
\MPnumerator=\count393
\makeMPintoPDFobject=\count394
\everyMPtoPDFconversion=\toks53
)
(C:\Users\OsterriederJRO\AppData\Local\Programs\MiKTeX\tex/latex/epstopdf-pkg\e
pstopdf-base.sty
Package: epstopdf-base 2020-01-24 v2.11 Base part for package epstopdf
Package epstopdf-base Info: Redefining graphics rule for `.eps' on input line 4
85.

(C:\Users\OsterriederJRO\AppData\Local\Programs\MiKTeX\tex/latex/00miktex\epsto
pdf-sys.cfg
File: epstopdf-sys.cfg 2021/03/18 v2.0 Configuration of epstopdf for MiKTeX
))
Package hyperref Info: Link coloring OFF on input line 37.
\@outlinefile=\write5
\openout5 = `20250912_2013_week01_slides.out'.

LaTeX Font Info:    Overwriting symbol font `operators' in version `normal'
(Font)                  OT1/cmr/m/n --> OT1/cmss/m/n on input line 37.
LaTeX Font Info:    Overwriting symbol font `operators' in version `bold'
(Font)                  OT1/cmr/bx/n --> OT1/cmss/b/n on input line 37.
\symnumbers=\mathgroup6
\sympureletters=\mathgroup7
LaTeX Font Info:    Overwriting math alphabet `\mathrm' in version `normal'
(Font)                  OT1/cmss/m/n --> OT1/cmr/m/n on input line 37.
LaTeX Font Info:    Redeclaring math alphabet \mathbf on input line 37.
LaTeX Font Info:    Overwriting math alphabet `\mathbf' in version `normal'
(Font)                  OT1/cmr/bx/n --> OT1/cmss/b/n on input line 37.
LaTeX Font Info:    Overwriting math alphabet `\mathbf' in version `bold'
(Font)                  OT1/cmr/bx/n --> OT1/cmss/b/n on input line 37.
LaTeX Font Info:    Redeclaring math alphabet \mathsf on input line 37.
LaTeX Font Info:    Overwriting math alphabet `\mathsf' in version `normal'
(Font)                  OT1/cmss/m/n --> OT1/cmss/m/n on input line 37.
LaTeX Font Info:    Overwriting math alphabet `\mathsf' in version `bold'
(Font)                  OT1/cmss/bx/n --> OT1/cmss/m/n on input line 37.
LaTeX Font Info:    Redeclaring math alphabet \mathit on input line 37.
LaTeX Font Info:    Overwriting math alphabet `\mathit' in version `normal'
(Font)                  OT1/cmr/m/it --> OT1/cmss/m/it on input line 37.
LaTeX Font Info:    Overwriting math alphabet `\mathit' in version `bold'
(Font)                  OT1/cmr/bx/it --> OT1/cmss/m/it on input line 37.
LaTeX Font Info:    Redeclaring math alphabet \mathtt on input line 37.
LaTeX Font Info:    Overwriting math alphabet `\mathtt' in version `normal'
(Font)                  OT1/cmtt/m/n --> OT1/cmtt/m/n on input line 37.
LaTeX Font Info:    Overwriting math alphabet `\mathtt' in version `bold'
(Font)                  OT1/cmtt/m/n --> OT1/cmtt/m/n on input line 37.
LaTeX Font Info:    Overwriting symbol font `numbers' in version `bold'
(Font)                  OT1/cmss/m/n --> OT1/cmss/b/n on input line 37.
LaTeX Font Info:    Overwriting symbol font `pureletters' in version `bold'
(Font)                  OT1/cmss/m/it --> OT1/cmss/b/it on input line 37.
LaTeX Font Info:    Overwriting math alphabet `\mathrm' in version `bold'
(Font)                  OT1/cmss/b/n --> OT1/cmr/b/n on input line 37.
LaTeX Font Info:    Overwriting math alphabet `\mathbf' in version `bold'
(Font)                  OT1/cmss/b/n --> OT1/cmss/b/n on input line 37.
LaTeX Font Info:    Overwriting math alphabet `\mathsf' in version `bold'
(Font)                  OT1/cmss/m/n --> OT1/cmss/b/n on input line 37.
LaTeX Font Info:    Overwriting math alphabet `\mathit' in version `bold'
(Font)                  OT1/cmss/m/it --> OT1/cmss/b/it on input line 37.
LaTeX Font Info:    Overwriting math alphabet `\mathtt' in version `bold'
(Font)                  OT1/cmtt/m/n --> OT1/cmtt/b/n on input line 37.
LaTeX Font Info:    Redeclaring symbol font `pureletters' on input line 37.
LaTeX Font Info:    Overwriting symbol font `pureletters' in version `normal'
(Font)                  OT1/cmss/m/it --> OT1/mathkerncmss/m/sl on input line 3
7.
LaTeX Font Info:    Overwriting symbol font `pureletters' in version `bold'
(Font)                  OT1/cmss/b/it --> OT1/mathkerncmss/m/sl on input line 3
7.
LaTeX Font Info:    Overwriting symbol font `pureletters' in version `bold'
(Font)                  OT1/mathkerncmss/m/sl --> OT1/mathkerncmss/bx/sl on inp
ut line 37.

(C:\Users\OsterriederJRO\AppData\Local\Programs\MiKTeX\tex/latex/translator\tra
nslator-basic-dictionary-English.dict
Dictionary: translator-basic-dictionary, Language: English 
)
(C:\Users\OsterriederJRO\AppData\Local\Programs\MiKTeX\tex/latex/translator\tra
nslator-bibliography-dictionary-English.dict
Dictionary: translator-bibliography-dictionary, Language: English 
)
(C:\Users\OsterriederJRO\AppData\Local\Programs\MiKTeX\tex/latex/translator\tra
nslator-environment-dictionary-English.dict
Dictionary: translator-environment-dictionary, Language: English 
)
(C:\Users\OsterriederJRO\AppData\Local\Programs\MiKTeX\tex/latex/translator\tra
nslator-months-dictionary-English.dict
Dictionary: translator-months-dictionary, Language: English 
)
(C:\Users\OsterriederJRO\AppData\Local\Programs\MiKTeX\tex/latex/translator\tra
nslator-numbers-dictionary-English.dict
Dictionary: translator-numbers-dictionary, Language: English 
)
(C:\Users\OsterriederJRO\AppData\Local\Programs\MiKTeX\tex/latex/translator\tra
nslator-theorem-dictionary-English.dict
Dictionary: translator-theorem-dictionary, Language: English 
)
No file 20250912_2013_week01_slides.nav.


[1

{C:/Users/OsterriederJRO/AppData/Local/MiKTeX/fonts/map/pdftex/pdftex.map}]
<charts/convergence_flow.pdf, id=33, 1004.70296pt x 372.87805pt>
File: charts/convergence_flow.pdf Graphic file (type pdf)
<use charts/convergence_flow.pdf>
Package pdftex.def Info: charts/convergence_flow.pdf  used on input line 53.
(pdftex.def)             Requested size: 372.50993pt x 138.2472pt.


[2

 <./charts/convergence_flow.pdf>]

[3

]
<../ML_Design_Course/course_visuals/dual_pipeline.pdf, id=124, 1000.57217pt x 5
70.93298pt>
File: ../ML_Design_Course/course_visuals/dual_pipeline.pdf Graphic file (type p
df)
<use ../ML_Design_Course/course_visuals/dual_pipeline.pdf>
Package pdftex.def Info: ../ML_Design_Course/course_visuals/dual_pipeline.pdf  
used on input line 107.
(pdftex.def)             Requested size: 372.50993pt x 212.55736pt.

Overfull \vbox (32.32535pt too high) detected at line 107
 []



[4

 <../ML_Design_Course/course_visuals/dual_pipeline.pdf>]
LaTeX Font Info:    Trying to load font information for U+msa on input line 150
.

(C:\Users\OsterriederJRO\AppData\Local\Programs\MiKTeX\tex/latex/amsfonts\umsa.
fd
File: umsa.fd 2013/01/14 v3.01 AMS symbols A
)
LaTeX Font Info:    Trying to load font information for U+msb on input line 150
.

(C:\Users\OsterriederJRO\AppData\Local\Programs\MiKTeX\tex/latex/amsfonts\umsb.
fd
File: umsb.fd 2013/01/14 v3.01 AMS symbols B
)
LaTeX Font Info:    Trying to load font information for OT1+mathkerncmss on inp
ut line 150.

(C:\Users\OsterriederJRO\AppData\Local\Programs\MiKTeX\tex/latex/sansmathaccent
\ot1mathkerncmss.fd
File: ot1mathkerncmss.fd 2020/01/31 Fontinst v1.933 font definitions for OT1/ma
thkerncmss.
)

[5

]
<../ML_Design_Course/course_visuals/journey_roadmap.pdf, id=202, 1149.09305pt x
 570.93298pt>
File: ../ML_Design_Course/course_visuals/journey_roadmap.pdf Graphic file (type
 pdf)
<use ../ML_Design_Course/course_visuals/journey_roadmap.pdf>
Package pdftex.def Info: ../ML_Design_Course/course_visuals/journey_roadmap.pdf
  used on input line 160.
(pdftex.def)             Requested size: 372.50993pt x 185.08058pt.


[6

 <../ML_Design_Course/course_visuals/journey_roadmap.pdf>]

[7

]

[8

]
<charts/chaos_to_clarity.pdf, id=341, 1008.03334pt x 300.79034pt>
File: charts/chaos_to_clarity.pdf Graphic file (type pdf)
<use charts/chaos_to_clarity.pdf>
Package pdftex.def Info: charts/chaos_to_clarity.pdf  used on input line 256.
(pdftex.def)             Requested size: 241.03545pt x 71.92035pt.


[9

 <./charts/chaos_to_clarity.pdf>]
<charts/kmeans_animation.pdf, id=455, 1149.09305pt x 286.9119pt>
File: charts/kmeans_animation.pdf Graphic file (type pdf)
<use charts/kmeans_animation.pdf>
Package pdftex.def Info: charts/kmeans_animation.pdf  used on input line 290.
(pdftex.def)             Requested size: 210.35516pt x 52.52187pt.


[10

 <./charts/kmeans_animation.pdf>]
File: charts/kmeans_animation.pdf Graphic file (type pdf)
<use charts/kmeans_animation.pdf>
Package pdftex.def Info: charts/kmeans_animation.pdf  used on input line 305.
(pdftex.def)             Requested size: 372.50993pt x 93.00883pt.


[11

]
<charts/elbow_method.pdf, id=518, 715.61665pt x 427.39174pt>
File: charts/elbow_method.pdf Graphic file (type pdf)
<use charts/elbow_method.pdf>
Package pdftex.def Info: charts/elbow_method.pdf  used on input line 340.
(pdftex.def)             Requested size: 241.03545pt x 143.9548pt.


[12

 <./charts/elbow_method.pdf>]
<charts/distance_visual.pdf, id=621, 715.60538pt x 427.32962pt>
File: charts/distance_visual.pdf Graphic file (type pdf)
<use charts/distance_visual.pdf>
Package pdftex.def Info: charts/distance_visual.pdf  used on input line 376.
(pdftex.def)             Requested size: 372.50993pt x 222.44742pt.

Overfull \vbox (56.64174pt too high) detected at line 376
 []



[13

 <./charts/distance_visual.pdf>]
<charts/cluster_quality.pdf, id=687, 860.01299pt x 286.9119pt>
File: charts/cluster_quality.pdf Graphic file (type pdf)
<use charts/cluster_quality.pdf>
Package pdftex.def Info: charts/cluster_quality.pdf  used on input line 411.
(pdftex.def)             Requested size: 241.03545pt x 80.41357pt.


[14

 <./charts/cluster_quality.pdf>]
<charts/dbscan_shapes.pdf, id=760, 860.01299pt x 357.7365pt>
File: charts/dbscan_shapes.pdf Graphic file (type pdf)
<use charts/dbscan_shapes.pdf>
Package pdftex.def Info: charts/dbscan_shapes.pdf  used on input line 445.
(pdftex.def)             Requested size: 210.35516pt x 87.50154pt.


[15

 <./charts/dbscan_shapes.pdf>]
File: charts/dbscan_shapes.pdf Graphic file (type pdf)
<use charts/dbscan_shapes.pdf>
Package pdftex.def Info: charts/dbscan_shapes.pdf  used on input line 460.
(pdftex.def)             Requested size: 372.50993pt x 154.94817pt.


[16

]
<charts/dendrogram_example.pdf, id=812, 860.36618pt x 426.66714pt>
File: charts/dendrogram_example.pdf Graphic file (type pdf)
<use charts/dendrogram_example.pdf>
Package pdftex.def Info: charts/dendrogram_example.pdf  used on input line 493.

(pdftex.def)             Requested size: 241.03545pt x 119.53108pt.


[17

 <./charts/dendrogram_example.pdf>]
<charts/feature_importance.pdf, id=891, 715.3118pt x 429.0617pt>
File: charts/feature_importance.pdf Graphic file (type pdf)
<use charts/feature_importance.pdf>
Package pdftex.def Info: charts/feature_importance.pdf  used on input line 507.

(pdftex.def)             Requested size: 372.50993pt x 223.44727pt.

Overfull \vbox (35.9652pt too high) detected at line 507
 []



[18

 <./charts/feature_importance.pdf>]
<charts/user_empathy_visual.pdf, id=979, 860.01299pt x 357.7365pt>
File: charts/user_empathy_visual.pdf Graphic file (type pdf)
<use charts/user_empathy_visual.pdf>
Package pdftex.def Info: charts/user_empathy_visual.pdf  used on input line 523
.
(pdftex.def)             Requested size: 372.50993pt x 154.94817pt.


[19

 <./charts/user_empathy_visual.pdf>]
<charts/persona_cards.pdf, id=1047, 860.01299pt x 428.5611pt>
File: charts/persona_cards.pdf Graphic file (type pdf)
<use charts/persona_cards.pdf>
Package pdftex.def Info: charts/persona_cards.pdf  used on input line 538.
(pdftex.def)             Requested size: 372.50993pt x 185.62477pt.


[20

 <./charts/persona_cards.pdf>]
<charts/empathy_map_clusters.pdf, id=1113, 514.76593pt x 573.46986pt>
File: charts/empathy_map_clusters.pdf Graphic file (type pdf)
<use charts/empathy_map_clusters.pdf>
Package pdftex.def Info: charts/empathy_map_clusters.pdf  used on input line 54
8.
(pdftex.def)             Requested size: 372.50993pt x 414.9981pt.

Overfull \vbox (210.38686pt too high) detected at line 548
 []



[21

 <./charts/empathy_map_clusters.pdf>]
<charts/journey_map_clusters.pdf, id=1234, 860.24763pt x 427.12886pt>
File: charts/journey_map_clusters.pdf Graphic file (type pdf)
<use charts/journey_map_clusters.pdf>
Package pdftex.def Info: charts/journey_map_clusters.pdf  used on input line 55
8.
(pdftex.def)             Requested size: 372.50993pt x 184.9588pt.


[22

 <./charts/journey_map_clusters.pdf>]
<charts/pain_points_heatmap.pdf, id=1304, 673.26096pt x 426.66592pt>
File: charts/pain_points_heatmap.pdf Graphic file (type pdf)
<use charts/pain_points_heatmap.pdf>
Package pdftex.def Info: charts/pain_points_heatmap.pdf  used on input line 587
.
(pdftex.def)             Requested size: 284.8558pt x 180.52007pt.


[23

 <./charts/pain_points_heatmap.pdf>]
<charts/behavior_patterns.pdf, id=1383, 715.69887pt x 427.29825pt>
File: charts/behavior_patterns.pdf Graphic file (type pdf)
<use charts/behavior_patterns.pdf>
Package pdftex.def Info: charts/behavior_patterns.pdf  used on input line 597.
(pdftex.def)             Requested size: 372.50993pt x 222.39848pt.

Overfull \vbox (17.78725pt too high) detected at line 597
 []



[24

 <./charts/behavior_patterns.pdf>]
<charts/design_priority_matrix.pdf, id=1454, 715.16109pt x 571.81317pt>
File: charts/design_priority_matrix.pdf Graphic file (type pdf)
<use charts/design_priority_matrix.pdf>
Package pdftex.def Info: charts/design_priority_matrix.pdf  used on input line 
626.
(pdftex.def)             Requested size: 241.03545pt x 192.72122pt.


[25

 <./charts/design_priority_matrix.pdf>]
<charts/stakeholder_network.pdf, id=1545, 715.47299pt x 571.04088pt>
File: charts/stakeholder_network.pdf Graphic file (type pdf)
<use charts/stakeholder_network.pdf>
Package pdftex.def Info: charts/stakeholder_network.pdf  used on input line 636
.
(pdftex.def)             Requested size: 372.50993pt x 297.30891pt.

Overfull \vbox (92.69768pt too high) detected at line 636
 []



[26

 <./charts/stakeholder_network.pdf>]
<charts/spotify_clustering.pdf, id=1586, 715.47299pt x 426.5009pt>
File: charts/spotify_clustering.pdf Graphic file (type pdf)
<use charts/spotify_clustering.pdf>
Package pdftex.def Info: charts/spotify_clustering.pdf  used on input line 672.

(pdftex.def)             Requested size: 241.03545pt x 143.68077pt.


[27

 <./charts/spotify_clustering.pdf>]

[28

]

[29

]
<charts/week2_preview.pdf, id=1634, 715.86636pt x 427.56537pt>
File: charts/week2_preview.pdf Graphic file (type pdf)
<use charts/week2_preview.pdf>
Package pdftex.def Info: charts/week2_preview.pdf  used on input line 773.
(pdftex.def)             Requested size: 241.03545pt x 143.96109pt.


[30

 <./charts/week2_preview.pdf>]

[31

]

Package hyperref Warning: Token not allowed in a PDF string (Unicode):
(hyperref)                removing `\translate ' on input line 832.



[32

]

[33

]

[34

]
<charts/pca_clusters.pdf, id=1741, 715.81993pt x 571.93172pt>
File: charts/pca_clusters.pdf Graphic file (type pdf)
<use charts/pca_clusters.pdf>
Package pdftex.def Info: charts/pca_clusters.pdf  used on input line 956.
(pdftex.def)             Requested size: 241.03545pt x 192.57791pt.


[35

 <./charts/pca_clusters.pdf>]

[36

]

[37

]
\tf@nav=\write6
\openout6 = `20250912_2013_week01_slides.nav'.

\tf@toc=\write7
\openout7 = `20250912_2013_week01_slides.toc'.

\tf@snm=\write8
\openout8 = `20250912_2013_week01_slides.snm'.

 (20250912_2013_week01_slides.aux)
 ***********
LaTeX2e <2025-06-01> patch level 1
L3 programming layer <2025-07-19>
 ***********


Package rerunfilecheck Warning: File `20250912_2013_week01_slides.out' has chan
ged.
(rerunfilecheck)                Rerun to get outlines right
(rerunfilecheck)                or use package `bookmark'.

Package rerunfilecheck Info: Checksums for `20250912_2013_week01_slides.out':
(rerunfilecheck)             Before: <no file>
(rerunfilecheck)             After:  0F9ECAE5E2E11E5C2E48C3A3DC9FE44D;225.
 ) 
Here is how much of TeX's memory you used:
 29428 strings out of 468149
 615966 string characters out of 5426727
 976721 words of memory out of 5000000
 57398 multiletter control sequences out of 15000+600000
 635846 words of font info for 72 fonts, out of 8000000 for 9000
 1141 hyphenation exceptions out of 8191
 128i,11n,123p,421b,1059s stack positions out of 10000i,1000n,20000p,200000b,200000s
<C:/Users/OsterriederJRO/AppData/Local/Programs/MiKTeX/fonts/type1/public/ams
fonts/cmextra/cmex8.pfb><C:/Users/OsterriederJRO/AppData/Local/Programs/MiKTeX/
fonts/type1/public/amsfonts/cm/cmmi6.pfb><C:/Users/OsterriederJRO/AppData/Local
/Programs/MiKTeX/fonts/type1/public/amsfonts/cm/cmmi8.pfb><C:/Users/Osterrieder
JRO/AppData/Local/Programs/MiKTeX/fonts/type1/public/amsfonts/cm/cmss10.pfb><C:
/Users/OsterriederJRO/AppData/Local/Programs/MiKTeX/fonts/type1/public/amsfonts
/cm/cmss8.pfb><C:/Users/OsterriederJRO/AppData/Local/Programs/MiKTeX/fonts/type
1/public/amsfonts/cm/cmssbx10.pfb><C:/Users/OsterriederJRO/AppData/Local/Progra
ms/MiKTeX/fonts/type1/public/amsfonts/cm/cmssi10.pfb><C:/Users/OsterriederJRO/A
ppData/Local/Programs/MiKTeX/fonts/type1/public/amsfonts/cm/cmssi8.pfb><C:/User
s/OsterriederJRO/AppData/Local/Programs/MiKTeX/fonts/type1/public/amsfonts/cm/c
msy6.pfb><C:/Users/OsterriederJRO/AppData/Local/Programs/MiKTeX/fonts/type1/pub
lic/amsfonts/cm/cmsy8.pfb>
Output written on 20250912_2013_week01_slides.pdf (37 pages, 895829 bytes).
PDF statistics:
 1907 PDF objects out of 2073 (max. 8388607)
 77 named destinations out of 1000 (max. 500000)
 201 words of extra memory for PDF output out of 10000 (max. 10000000)

